<?xml version="1.0" encoding="UTF-8"?>
<!-- Generated by org.testng.reporters.JUnitXMLReporter -->
<testsuite ignored="0" hostname="DESKTOP-KKA1PG4" failures="1" tests="3" name="Error Validation Test" time="39.151" errors="0" timestamp="2025-04-21T17:41:35 IST">
  <testcase classname="SDesai.tests.ErrorValidation" name="loginErrorValidation" time="3.007">
    <skipped/>
  </testcase> <!-- loginErrorValidation -->
  <testcase classname="SDesai.tests.ErrorValidation" name="loginErrorValidation" time="0.958">
    <failure type="java.lang.AssertionError" message="expected [Incorrect email or password.] but found [Incorrect email o password.]">
      <![CDATA[java.lang.AssertionError: expected [Incorrect email or password.] but found [Incorrect email o password.]
at SDesai.tests.ErrorValidation.loginErrorValidation(ErrorValidation.java:31)
at java.base/java.util.ArrayList.forEach(ArrayList.java:1596)
at java.base/java.util.concurrent.FutureTask.run(FutureTask.java:317)
at java.base/java.util.concurrent.ThreadPoolExecutor.runWorker(ThreadPoolExecutor.java:1144)
at java.base/java.util.concurrent.ThreadPoolExecutor$Worker.run(ThreadPoolExecutor.java:642)
at java.base/java.lang.Thread.run(Thread.java:1583)
... Removed 21 stack frames]]>
    </failure>
  </testcase> <!-- loginErrorValidation -->
  <testcase classname="SDesai.tests.ErrorValidation" name="productErrorValidation" time="3.074"/>
</testsuite> <!-- Error Validation Test -->
